<?xml version="1.0" encoding="UTF-8"?>
<coverage generated="1727790545400" clover="3.2.0">
  <project timestamp="1727790545400" name="All files">
    <metrics statements="7" coveredstatements="7" conditionals="6" coveredconditionals="6" methods="1" coveredmethods="1" elements="14" coveredelements="14" complexity="0" loc="7" ncloc="7" packages="1" files="1" classes="1"/>
    <file name="healthIndicator.js" path="/home/elizaveta/Рабочий стол/Func/healthIndicator.js">
      <metrics statements="7" coveredstatements="7" conditionals="6" coveredconditionals="6" methods="1" coveredmethods="1"/>
      <line num="2" count="3" type="stmt"/>
      <line num="3" count="3" type="cond" truecount="2" falsecount="0"/>
      <line num="4" count="1" type="stmt"/>
      <line num="5" count="2" type="cond" truecount="4" falsecount="0"/>
      <line num="6" count="1" type="stmt"/>
      <line num="8" count="1" type="stmt"/>
      <line num="12" count="1" type="stmt"/>
    </file>
  </project>
</coverage>
