{"/home/elizaveta/Рабочий стол/Func/healthIndicator.js": {"path":"/home/elizaveta/Рабочий стол/Func/healthIndicator.js","statementMap":{"0":{"start":{"line":2,"column":23},"end":{"line":2,"column":32}},"1":{"start":{"line":3,"column":4},"end":{"line":9,"column":5}},"2":{"start":{"line":4,"column":8},"end":{"line":4,"column":25}},"3":{"start":{"line":5,"column":11},"end":{"line":9,"column":5}},"4":{"start":{"line":6,"column":8},"end":{"line":6,"column":25}},"5":{"start":{"line":8,"column":8},"end":{"line":8,"column":26}},"6":{"start":{"line":12,"column":4},"end":{"line":12,"column":37}}},"fnMap":{"0":{"name":"healthIndicator","decl":{"start":{"line":1,"column":9},"end":{"line":1,"column":24}},"loc":{"start":{"line":1,"column":36},"end":{"line":10,"column":1}},"line":1}},"branchMap":{"0":{"loc":{"start":{"line":3,"column":4},"end":{"line":9,"column":5}},"type":"if","locations":[{"start":{"line":3,"column":4},"end":{"line":9,"column":5}},{"start":{"line":5,"column":11},"end":{"line":9,"column":5}}],"line":3},"1":{"loc":{"start":{"line":5,"column":11},"end":{"line":9,"column":5}},"type":"if","locations":[{"start":{"line":5,"column":11},"end":{"line":9,"column":5}},{"start":{"line":7,"column":11},"end":{"line":9,"column":5}}],"line":5},"2":{"loc":{"start":{"line":5,"column":15},"end":{"line":5,"column":43}},"type":"binary-expr","locations":[{"start":{"line":5,"column":15},"end":{"line":5,"column":27}},{"start":{"line":5,"column":31},"end":{"line":5,"column":43}}],"line":5}},"s":{"0":3,"1":3,"2":1,"3":2,"4":1,"5":1,"6":1},"f":{"0":3},"b":{"0":[1,2],"1":[1,1],"2":[2,2]},"_coverageSchema":"1a1c01bbd47fc00a2c39e90264f33305004495a9","hash":"9cbfd15ef1c43fae3aafe88906d770a868a8033c"}
}
